Base path: C:/Program Files/Unity5/Editor/Data
Pipe name: \\.\pipe\UnityShaderCompiler-64bit-1-5240
Cmd: getPlatforms
Cmd: preprocess
  insize=447 outsize=447 ok=1
Cmd: preprocess
  insize=1048 outsize=1038 ok=1
Cmd: compileSnippet
  api=4 type=0 insize=6925 outsize=3265 kw=DIRECTIONAL SHADOWS_OFF LIGHTMAP_OFF DIRLIGHTMAP_OFF DYNAMICLIGHTMAP_OFF ok=1
Cmd: compileSnippet
  api=4 type=1 insize=6925 outsize=1453 kw=DIRECTIONAL SHADOWS_OFF LIGHTMAP_OFF DIRLIGHTMAP_OFF DYNAMICLIGHTMAP_OFF ok=1
Cmd: compileSnippet
  api=4 type=0 insize=3896 outsize=2737 kw=POINT ok=1
Cmd: compileSnippet
  api=4 type=1 insize=3896 outsize=2135 kw=POINT ok=1
Cmd: compileSnippet
  api=4 type=0 insize=3314 outsize=2087 kw= ok=1
Cmd: compileSnippet
  api=4 type=1 insize=3314 outsize=1250 kw= ok=1
Cmd: preprocess
  insize=2280 outsize=1417 ok=1
Cmd: compileSnippet
  error: 2 plat 4 at (78): 'vert': output parameter 'o' not completely initialized\nCompiling Vertex program with DIRECTIONAL SHADOWS_OFF LIGHTMAP_OFF DIRLIGHTMAP_OFF DYNAMICLIGHTMAP_OFF
  error: 1 plat 4 at (106): implicit truncation of vector type\nCompiling Vertex program with DIRECTIONAL SHADOWS_OFF LIGHTMAP_OFF DIRLIGHTMAP_OFF DYNAMICLIGHTMAP_OFF
  api=4 type=0 insize=8896 outsize=0 kw=DIRECTIONAL SHADOWS_OFF LIGHTMAP_OFF DIRLIGHTMAP_OFF DYNAMICLIGHTMAP_OFF ok=0
Cmd: preprocess
  insize=1576 outsize=990 ok=1
Cmd: compileSnippet
  api=4 type=0 insize=867 outsize=1599 kw= ok=1
Cmd: compileSnippet
  api=4 type=1 insize=867 outsize=502 kw= ok=1
Cmd: preprocess
  insize=3056 outsize=1760 ok=1
Cmd: compileSnippet
  api=4 type=0 insize=1602 outsize=1875 kw= ok=1
Cmd: compileSnippet
  api=4 type=1 insize=1602 outsize=2070 kw= ok=1
Cmd: preprocess
  insize=683 outsize=683 ok=1
Cmd: preprocess
  insize=717 outsize=717 ok=1
Cmd: preprocess
  insize=1500 outsize=667 ok=1
Cmd: compileSnippet
  api=4 type=0 insize=1135 outsize=1461 kw= ok=1
Cmd: compileSnippet
  api=4 type=1 insize=1135 outsize=1071 kw= ok=1
Cmd: compileSnippet
  api=4 type=0 insize=1001 outsize=1071 kw= ok=1
Cmd: compileSnippet
  api=4 type=1 insize=1001 outsize=843 kw= ok=1
Cmd: compileSnippet
  api=4 type=0 insize=541 outsize=3517 kw=SHADOWS_DEPTH ok=1
Cmd: compileSnippet
  api=4 type=1 insize=541 outsize=437 kw=SHADOWS_DEPTH ok=1
Cmd: compileSnippet
  api=4 type=0 insize=6810 outsize=3647 kw=DIRECTIONAL SHADOWS_OFF LIGHTMAP_OFF DIRLIGHTMAP_OFF DYNAMICLIGHTMAP_OFF ok=1
Cmd: compileSnippet
  api=4 type=1 insize=6810 outsize=1298 kw=DIRECTIONAL SHADOWS_OFF LIGHTMAP_OFF DIRLIGHTMAP_OFF DYNAMICLIGHTMAP_OFF ok=1
Cmd: compileSnippet
  api=4 type=0 insize=3647 outsize=2737 kw=DIRECTIONAL ok=1
Cmd: compileSnippet
  api=4 type=1 insize=3647 outsize=1152 kw=DIRECTIONAL ok=1
Cmd: compileSnippet
  api=4 type=0 insize=1706 outsize=1274 kw=SOFTPARTICLES_OFF ok=1
Cmd: compileSnippet
  api=4 type=1 insize=1706 outsize=852 kw=SOFTPARTICLES_OFF ok=1
Cmd: compileSnippet
  api=4 type=0 insize=1738 outsize=1274 kw=SOFTPARTICLES_OFF ok=1
Cmd: compileSnippet
  api=4 type=1 insize=1738 outsize=949 kw=SOFTPARTICLES_OFF ok=1
Cmd: compileSnippet
  api=4 type=0 insize=1642 outsize=1274 kw=SOFTPARTICLES_OFF ok=1
Cmd: compileSnippet
  api=4 type=1 insize=1642 outsize=908 kw=SOFTPARTICLES_OFF ok=1
Cmd: compileSnippet
  api=4 type=0 insize=3896 outsize=2737 kw=DIRECTIONAL ok=1
Cmd: compileSnippet
  api=4 type=1 insize=3896 outsize=1355 kw=DIRECTIONAL ok=1
Cmd: compileSnippet
  api=4 type=0 insize=1705 outsize=1274 kw=SOFTPARTICLES_OFF ok=1
Cmd: compileSnippet
  api=4 type=1 insize=1705 outsize=908 kw=SOFTPARTICLES_OFF ok=1
Cmd: compileSnippet
  api=4 type=0 insize=1827 outsize=1274 kw=SOFTPARTICLES_OFF ok=1
Cmd: compileSnippet
  api=4 type=1 insize=1827 outsize=973 kw=SOFTPARTICLES_OFF ok=1
Cmd: compileSnippet
  api=4 type=0 insize=959 outsize=1071 kw= ok=1
Cmd: compileSnippet
  api=4 type=1 insize=959 outsize=600 kw= ok=1
Cmd: compileSnippet
  api=4 type=0 insize=751 outsize=3517 kw=SHADOWS_DEPTH ok=1
Cmd: compileSnippet
  api=4 type=1 insize=751 outsize=364 kw=SHADOWS_DEPTH ok=1
Cmd: compileSnippet
  api=4 type=0 insize=982 outsize=3963 kw=DIRECTIONAL SHADOWS_OFF LIGHTMAP_OFF DIRLIGHTMAP_OFF DYNAMICLIGHTMAP_OFF ok=1
Cmd: compileSnippet
  api=4 type=1 insize=982 outsize=10488 kw=DIRECTIONAL SHADOWS_OFF LIGHTMAP_OFF DIRLIGHTMAP_OFF DYNAMICLIGHTMAP_OFF ok=1
Cmd: compileSnippet
  api=4 type=0 insize=938 outsize=4020 kw=DIRECTIONAL SHADOWS_OFF ok=1
Cmd: compileSnippet
  api=4 type=1 insize=938 outsize=5442 kw=DIRECTIONAL SHADOWS_OFF ok=1
Cmd: compileSnippet
  api=4 type=0 insize=9591 outsize=10342 kw=UNITY_COLORSPACE_GAMMA ok=1
Cmd: compileSnippet
  api=4 type=1 insize=9591 outsize=2623 kw=UNITY_COLORSPACE_GAMMA ok=1
Cmd: compileSnippet
  api=4 type=0 insize=3445 outsize=7018 kw=SHADOWS_DEPTH ok=1
Cmd: compileSnippet
  api=4 type=1 insize=3445 outsize=1014 kw=SHADOWS_DEPTH ok=1
Cmd: compileSnippet
  api=4 type=0 insize=3054 outsize=6645 kw=SHADOWS_DEPTH ok=1
Cmd: compileSnippet
  api=4 type=1 insize=3054 outsize=1014 kw=SHADOWS_DEPTH ok=1
Cmd: compileSnippet
  api=4 type=0 insize=63517 outsize=3996 kw=DIRECTIONAL SHADOWS_OFF LIGHTMAP_OFF DIRLIGHTMAP_OFF DYNAMICLIGHTMAP_OFF ok=1
Cmd: compileSnippet
  api=4 type=1 insize=63517 outsize=2810 kw=DIRECTIONAL SHADOWS_OFF LIGHTMAP_OFF DIRLIGHTMAP_OFF DYNAMICLIGHTMAP_OFF ok=1
Cmd: compileSnippet
  api=4 type=0 insize=63853 outsize=3996 kw=DIRECTIONAL SHADOWS_OFF LIGHTMAP_OFF DIRLIGHTMAP_OFF DYNAMICLIGHTMAP_OFF ok=1
Cmd: compileSnippet
  api=4 type=1 insize=63853 outsize=2915 kw=DIRECTIONAL SHADOWS_OFF LIGHTMAP_OFF DIRLIGHTMAP_OFF DYNAMICLIGHTMAP_OFF ok=1
Cmd: preprocess
  insize=2294 outsize=1417 ok=1
Cmd: compileSnippet
  api=4 type=0 insize=8910 outsize=4914 kw=DIRECTIONAL SHADOWS_OFF LIGHTMAP_OFF DIRLIGHTMAP_OFF DYNAMICLIGHTMAP_OFF ok=1
Cmd: compileSnippet
  api=4 type=1 insize=8910 outsize=990 kw=DIRECTIONAL SHADOWS_OFF LIGHTMAP_OFF DIRLIGHTMAP_OFF DYNAMICLIGHTMAP_OFF ok=1
Cmd: compileSnippet
  api=4 type=0 insize=5923 outsize=3630 kw=POINT ok=1
Cmd: compileSnippet
  api=4 type=1 insize=5923 outsize=657 kw=POINT ok=1
Cmd: compileSnippet
  api=4 type=0 insize=5226 outsize=3248 kw= ok=1
Cmd: compileSnippet
  api=4 type=1 insize=5226 outsize=917 kw= ok=1
Cmd: compileSnippet
  api=4 type=0 insize=7828 outsize=3825 kw=LIGHTMAP_OFF DIRLIGHTMAP_OFF DYNAMICLIGHTMAP_OFF HDR_LIGHT_PREPASS_OFF ok=1
Cmd: compileSnippet
  api=4 type=1 insize=7828 outsize=941 kw=LIGHTMAP_OFF DIRLIGHTMAP_OFF DYNAMICLIGHTMAP_OFF HDR_LIGHT_PREPASS_OFF ok=1
Cmd: compileSnippet
  api=4 type=0 insize=5453 outsize=4297 kw= ok=1
Cmd: compileSnippet
  api=4 type=1 insize=5453 outsize=2184 kw= ok=1
Cmd: compileSnippet
  api=4 type=0 insize=5923 outsize=3630 kw=DIRECTIONAL ok=1
Cmd: compileSnippet
  api=4 type=1 insize=5923 outsize=657 kw=DIRECTIONAL ok=1
Cmd: compileSnippet
  api=4 type=0 insize=63517 outsize=4386 kw=DIRECTIONAL SHADOWS_SCREEN LIGHTMAP_OFF DIRLIGHTMAP_OFF DYNAMICLIGHTMAP_OFF ok=1
Cmd: compileSnippet
  api=4 type=1 insize=63517 outsize=3127 kw=DIRECTIONAL SHADOWS_SCREEN LIGHTMAP_OFF DIRLIGHTMAP_OFF DYNAMICLIGHTMAP_OFF ok=1
Cmd: compileSnippet
  api=4 type=0 insize=63853 outsize=4386 kw=DIRECTIONAL SHADOWS_SCREEN LIGHTMAP_OFF DIRLIGHTMAP_OFF DYNAMICLIGHTMAP_OFF ok=1
Cmd: compileSnippet
  api=4 type=1 insize=63853 outsize=3232 kw=DIRECTIONAL SHADOWS_SCREEN LIGHTMAP_OFF DIRLIGHTMAP_OFF DYNAMICLIGHTMAP_OFF ok=1
Cmd: compileSnippet
  api=4 type=0 insize=14871 outsize=3492 kw=DIRECTIONAL SHADOWS_OFF LIGHTMAP_OFF DIRLIGHTMAP_OFF DYNAMICLIGHTMAP_OFF _TERRAIN_OVERRIDE_SMOOTHNESS ok=1
Cmd: compileSnippet
  api=4 type=1 insize=14871 outsize=10106 kw=DIRECTIONAL SHADOWS_OFF LIGHTMAP_OFF DIRLIGHTMAP_OFF DYNAMICLIGHTMAP_OFF _TERRAIN_OVERRIDE_SMOOTHNESS ok=1
Cmd: compileSnippet
  api=4 type=0 insize=8910 outsize=5304 kw=DIRECTIONAL SHADOWS_SCREEN LIGHTMAP_OFF DIRLIGHTMAP_OFF DYNAMICLIGHTMAP_OFF ok=1
Cmd: compileSnippet
  api=4 type=1 insize=8910 outsize=1038 kw=DIRECTIONAL SHADOWS_SCREEN LIGHTMAP_OFF DIRLIGHTMAP_OFF DYNAMICLIGHTMAP_OFF ok=1
Cmd: compileSnippet
  api=4 type=0 insize=6925 outsize=3655 kw=DIRECTIONAL SHADOWS_SCREEN LIGHTMAP_OFF DIRLIGHTMAP_OFF DYNAMICLIGHTMAP_OFF ok=1
Cmd: compileSnippet
  api=4 type=1 insize=6925 outsize=1770 kw=DIRECTIONAL SHADOWS_SCREEN LIGHTMAP_OFF DIRLIGHTMAP_OFF DYNAMICLIGHTMAP_OFF ok=1
Cmd: compileSnippet
  api=4 type=0 insize=982 outsize=4321 kw=DIRECTIONAL SHADOWS_SCREEN LIGHTMAP_OFF DIRLIGHTMAP_OFF DYNAMICLIGHTMAP_OFF ok=1
Cmd: compileSnippet
  api=4 type=1 insize=982 outsize=10797 kw=DIRECTIONAL SHADOWS_SCREEN LIGHTMAP_OFF DIRLIGHTMAP_OFF DYNAMICLIGHTMAP_OFF ok=1
Cmd: compileSnippet
  api=4 type=0 insize=6810 outsize=4037 kw=DIRECTIONAL SHADOWS_SCREEN LIGHTMAP_OFF DIRLIGHTMAP_OFF DYNAMICLIGHTMAP_OFF ok=1
Cmd: compileSnippet
  api=4 type=1 insize=6810 outsize=1615 kw=DIRECTIONAL SHADOWS_SCREEN LIGHTMAP_OFF DIRLIGHTMAP_OFF DYNAMICLIGHTMAP_OFF ok=1
